<?xml version="1.0" encoding="UTF-8"?>
<testng-results skipped="0" failed="0" ignored="0" total="1" passed="1">
  <reporter-output>
  </reporter-output>
  <suite name="Default suite" duration-ms="143033" started-at="2019-08-24T00:58:17Z" finished-at="2019-08-24T01:00:40Z">
    <groups>
    </groups>
    <test name="Default test" duration-ms="143033" started-at="2019-08-24T00:58:17Z" finished-at="2019-08-24T01:00:40Z">
      <class name="amzonshoppingtest.cartTest">
        <test-method status="PASS" signature="TestWebsiteLaunch()[pri:0, instance:amzonshoppingtest.cartTest@d2cc05a]" name="TestWebsiteLaunch" duration-ms="142954" started-at="2019-08-24T06:28:17Z" finished-at="2019-08-24T06:30:40Z">
          <reporter-output>
          </reporter-output>
        </test-method> <!-- TestWebsiteLaunch -->
      </class> <!-- amzonshoppingtest.cartTest -->
    </test> <!-- Default test -->
  </suite> <!-- Default suite -->
</testng-results>
